<?xml version="1.0" encoding="UTF-8"?>
<!-- Generated by org.testng.reporters.JUnitReportReporter -->
<testsuite hostname="SG" failures="0" tests="1" name="com.bunnycart.TestRunner.AddProductsNG" time="95.407" errors="0" timestamp="2025-03-24T11:46:27 IST" skipped="0">
  <testcase classname="com.bunnycart.TestRunner.AddProductsNG" name="runScenario" time="95.407"/>
</testsuite> <!-- com.bunnycart.TestRunner.AddProductsNG -->
