<?xml version="1.0" encoding="UTF-8"?>
<!-- Generated by org.testng.reporters.JUnitReportReporter -->
<testsuite hostname="SG" failures="0" tests="1" name="com.bunnycart.TestRunner.SiginaddcartNG" time="58.719" errors="0" timestamp="2025-03-22T15:51:20 IST" skipped="0">
  <testcase classname="com.bunnycart.TestRunner.SiginaddcartNG" name="runScenario" time="58.719"/>
</testsuite> <!-- com.bunnycart.TestRunner.SiginaddcartNG -->
