<?xml version="1.0" encoding="UTF-8"?>
<!-- Generated by org.testng.reporters.JUnitReportReporter -->
<testsuite hostname="SG" failures="0" tests="1" name="com.bunnycart.TestRunner.ValidInvalidSiginNG" time="201.397" errors="0" timestamp="2025-03-22T15:51:20 IST" skipped="0">
  <testcase classname="com.bunnycart.TestRunner.ValidInvalidSiginNG" name="runScenario" time="201.397"/>
</testsuite> <!-- com.bunnycart.TestRunner.ValidInvalidSiginNG -->
