<?xml version="1.0" encoding="UTF-8"?>
<!-- Generated by org.testng.reporters.JUnitReportReporter -->
<testsuite hostname="SG" failures="0" tests="1" name="com.bunnycart.TestRunner.CreateNG" time="24.281" errors="0" timestamp="2025-03-24T12:45:08 IST" skipped="0">
  <testcase classname="com.bunnycart.TestRunner.CreateNG" name="runScenario" time="24.281"/>
</testsuite> <!-- com.bunnycart.TestRunner.CreateNG -->
